{"/home/matthias/projects/hacker-game/server/src/services/ai.service.ts": {"path":"/home/matthias/projects/hacker-game/server/src/services/ai.service.ts","statementMap":{"0":{"start":{"line":3,"column":6},"end":{"line":9,"column":null}},"1":{"start":{"line":4,"column":2},"end":{"line":9,"column":null}},"2":{"start":{"line":5,"column":4},"end":{"line":8,"column":null}},"3":{"start":{"line":6,"column":6},"end":{"line":7,"column":null}},"4":{"start":{"line":6,"column":49},"end":{"line":6,"column":null}},"5":{"start":{"line":7,"column":11},"end":{"line":7,"column":null}},"6":{"start":{"line":13,"column":23},"end":{"line":13,"column":null}},"7":{"start":{"line":16,"column":22},"end":{"line":16,"column":49}},"8":{"start":{"line":17,"column":25},"end":{"line":17,"column":null}},"9":{"start":{"line":19,"column":4},"end":{"line":39,"column":null}},"10":{"start":{"line":20,"column":21},"end":{"line":20,"column":68}},"11":{"start":{"line":21,"column":6},"end":{"line":21,"column":null}},"12":{"start":{"line":23,"column":6},"end":{"line":39,"column":null}},"13":{"start":{"line":24,"column":23},"end":{"line":24,"column":78}},"14":{"start":{"line":25,"column":8},"end":{"line":25,"column":null}},"15":{"start":{"line":27,"column":8},"end":{"line":39,"column":null}},"16":{"start":{"line":28,"column":25},"end":{"line":28,"column":122}},"17":{"start":{"line":29,"column":10},"end":{"line":29,"column":null}},"18":{"start":{"line":31,"column":28},"end":{"line":35,"column":null}},"19":{"start":{"line":36,"column":10},"end":{"line":39,"column":null}},"20":{"start":{"line":46,"column":22},"end":{"line":46,"column":null}},"21":{"start":{"line":47,"column":24},"end":{"line":47,"column":46}},"22":{"start":{"line":49,"column":25},"end":{"line":52,"column":null}},"23":{"start":{"line":55,"column":4},"end":{"line":58,"column":null}},"24":{"start":{"line":56,"column":6},"end":{"line":56,"column":null}},"25":{"start":{"line":58,"column":6},"end":{"line":58,"column":null}},"26":{"start":{"line":63,"column":25},"end":{"line":63,"column":40}}},"fnMap":{"0":{"name":"(anonymous_0)","decl":{"start":{"line":3,"column":6},"end":{"line":3,"column":20}},"loc":{"start":{"line":3,"column":53},"end":{"line":9,"column":null}},"line":3},"1":{"name":"(anonymous_1)","decl":{"start":{"line":4,"column":13},"end":{"line":4,"column":22}},"loc":{"start":{"line":4,"column":42},"end":{"line":9,"column":null}},"line":4},"2":{"name":"(anonymous_2)","decl":{"start":{"line":5,"column":9},"end":{"line":5,"column":15}},"loc":{"start":{"line":5,"column":41},"end":{"line":8,"column":null}},"line":5},"3":{"name":"(anonymous_3)","decl":{"start":{"line":15,"column":8},"end":{"line":15,"column":21}},"loc":{"start":{"line":15,"column":84},"end":{"line":39,"column":null}},"line":15},"4":{"name":"(anonymous_4)","decl":{"start":{"line":45,"column":8},"end":{"line":45,"column":22}},"loc":{"start":{"line":45,"column":89},"end":{"line":58,"column":null}},"line":45}},"branchMap":{"0":{"loc":{"start":{"line":6,"column":6},"end":{"line":7,"column":null}},"type":"if","locations":[{"start":{"line":6,"column":6},"end":{"line":7,"column":null}},{"start":{"line":7,"column":11},"end":{"line":7,"column":null}}],"line":6},"1":{"loc":{"start":{"line":6,"column":10},"end":{"line":6,"column":47}},"type":"binary-expr","locations":[{"start":{"line":6,"column":10},"end":{"line":6,"column":19}},{"start":{"line":6,"column":19},"end":{"line":6,"column":47}}],"line":6},"2":{"loc":{"start":{"line":6,"column":56},"end":{"line":6,"column":72}},"type":"binary-expr","locations":[{"start":{"line":6,"column":56},"end":{"line":6,"column":65}},{"start":{"line":6,"column":65},"end":{"line":6,"column":72}}],"line":6},"3":{"loc":{"start":{"line":58,"column":71},"end":{"line":58,"column":102}},"type":"binary-expr","locations":[{"start":{"line":58,"column":71},"end":{"line":58,"column":89}},{"start":{"line":58,"column":89},"end":{"line":58,"column":102}}],"line":58}},"s":{"0":1,"1":11,"2":11,"3":11,"4":7,"5":4,"6":7,"7":4,"8":4,"9":4,"10":4,"11":1,"12":3,"13":3,"14":1,"15":2,"16":2,"17":1,"18":1,"19":1,"20":2,"21":2,"22":2,"23":2,"24":2,"25":1,"26":1},"f":{"0":11,"1":11,"2":11,"3":4,"4":2},"b":{"0":[7,4],"1":[11,4],"2":[7,0],"3":[1,0]},"meta":{"lastBranch":4,"lastFunction":5,"lastStatement":27,"seen":{"s:3:6:9:Infinity":0,"f:3:6:3:20":0,"s:4:2:9:Infinity":1,"f:4:13:4:22":1,"s:5:4:8:Infinity":2,"f:5:9:5:15":2,"b:6:6:7:Infinity:7:11:7:Infinity":0,"s:6:6:7:Infinity":3,"b:6:10:6:19:6:19:6:47":1,"s:6:49:6:Infinity":4,"b:6:56:6:65:6:65:6:72":2,"s:7:11:7:Infinity":5,"s:13:23:13:Infinity":6,"f:15:8:15:21":3,"s:16:22:16:49":7,"s:17:25:17:Infinity":8,"s:19:4:39:Infinity":9,"s:20:21:20:68":10,"s:21:6:21:Infinity":11,"s:23:6:39:Infinity":12,"s:24:23:24:78":13,"s:25:8:25:Infinity":14,"s:27:8:39:Infinity":15,"s:28:25:28:122":16,"s:29:10:29:Infinity":17,"s:31:28:35:Infinity":18,"s:36:10:39:Infinity":19,"f:45:8:45:22":4,"s:46:22:46:Infinity":20,"s:47:24:47:46":21,"s:49:25:52:Infinity":22,"s:55:4:58:Infinity":23,"s:56:6:56:Infinity":24,"s:58:6:58:Infinity":25,"b:58:71:58:89:58:89:58:102":3,"s:63:25:63:40":26}}}
,"/home/matthias/projects/hacker-game/server/src/services/auth.service.ts": {"path":"/home/matthias/projects/hacker-game/server/src/services/auth.service.ts","statementMap":{"0":{"start":{"line":4,"column":19},"end":{"line":4,"column":null}},"1":{"start":{"line":8,"column":17},"end":{"line":15,"column":6}},"2":{"start":{"line":17,"column":4},"end":{"line":29,"column":null}},"3":{"start":{"line":19,"column":23},"end":{"line":19,"column":64}},"4":{"start":{"line":20,"column":6},"end":{"line":29,"column":null}},"5":{"start":{"line":32,"column":18},"end":{"line":32,"column":84}},"6":{"start":{"line":33,"column":4},"end":{"line":33,"column":null}},"7":{"start":{"line":37,"column":27},"end":{"line":37,"column":44}}},"fnMap":{"0":{"name":"(anonymous_0)","decl":{"start":{"line":7,"column":8},"end":{"line":7,"column":26}},"loc":{"start":{"line":7,"column":58},"end":{"line":33,"column":null}},"line":7}},"branchMap":{"0":{"loc":{"start":{"line":4,"column":19},"end":{"line":4,"column":null}},"type":"binary-expr","locations":[{"start":{"line":4,"column":19},"end":{"line":4,"column":48}},{"start":{"line":4,"column":48},"end":{"line":4,"column":null}}],"line":4},"1":{"loc":{"start":{"line":17,"column":4},"end":{"line":29,"column":null}},"type":"if","locations":[{"start":{"line":17,"column":4},"end":{"line":29,"column":null}},{"start":{},"end":{}}],"line":17},"2":{"loc":{"start":{"line":23,"column":17},"end":{"line":23,"column":70}},"type":"binary-expr","locations":[{"start":{"line":23,"column":17},"end":{"line":23,"column":40}},{"start":{"line":23,"column":40},"end":{"line":23,"column":60}},{"start":{"line":23,"column":60},"end":{"line":23,"column":70}}],"line":23}},"s":{"0":1,"1":2,"2":2,"3":1,"4":1,"5":2,"6":2,"7":1},"f":{"0":2},"b":{"0":[1,1],"1":[1,1],"2":[1,1,0]},"meta":{"lastBranch":3,"lastFunction":1,"lastStatement":8,"seen":{"s:4:19:4:Infinity":0,"b:4:19:4:48:4:48:4:Infinity":0,"f:7:8:7:26":0,"s:8:17:15:6":1,"b:17:4:29:Infinity:undefined:undefined:undefined:undefined":1,"s:17:4:29:Infinity":2,"s:19:23:19:64":3,"s:20:6:29:Infinity":4,"b:23:17:23:40:23:40:23:60:23:60:23:70":2,"s:32:18:32:84":5,"s:33:4:33:Infinity":6,"s:37:27:37:44":7}}}
,"/home/matthias/projects/hacker-game/server/src/services/game.service.ts": {"path":"/home/matthias/projects/hacker-game/server/src/services/game.service.ts","statementMap":{"0":{"start":{"line":9,"column":19},"end":{"line":9,"column":null}},"1":{"start":{"line":10,"column":20},"end":{"line":10,"column":null}},"2":{"start":{"line":14,"column":27},"end":{"line":14,"column":null}},"3":{"start":{"line":15,"column":23},"end":{"line":15,"column":null}},"4":{"start":{"line":20,"column":18},"end":{"line":20,"column":33}},"5":{"start":{"line":23,"column":4},"end":{"line":23,"column":null}},"6":{"start":{"line":24,"column":4},"end":{"line":24,"column":null}},"7":{"start":{"line":26,"column":4},"end":{"line":184,"column":null}},"8":{"start":{"line":27,"column":6},"end":{"line":27,"column":null}},"9":{"start":{"line":30,"column":6},"end":{"line":46,"column":null}},"10":{"start":{"line":31,"column":8},"end":{"line":44,"column":null}},"11":{"start":{"line":32,"column":25},"end":{"line":32,"column":61}},"12":{"start":{"line":33,"column":25},"end":{"line":41,"column":12}},"13":{"start":{"line":42,"column":10},"end":{"line":42,"column":null}},"14":{"start":{"line":44,"column":10},"end":{"line":44,"column":null}},"15":{"start":{"line":48,"column":6},"end":{"line":60,"column":null}},"16":{"start":{"line":49,"column":23},"end":{"line":49,"column":93}},"17":{"start":{"line":50,"column":8},"end":{"line":58,"column":null}},"18":{"start":{"line":51,"column":10},"end":{"line":55,"column":null}},"19":{"start":{"line":52,"column":12},"end":{"line":52,"column":null}},"20":{"start":{"line":54,"column":26},"end":{"line":54,"column":92}},"21":{"start":{"line":55,"column":12},"end":{"line":55,"column":null}},"22":{"start":{"line":58,"column":10},"end":{"line":58,"column":null}},"23":{"start":{"line":62,"column":6},"end":{"line":70,"column":null}},"24":{"start":{"line":63,"column":23},"end":{"line":63,"column":85}},"25":{"start":{"line":64,"column":8},"end":{"line":68,"column":null}},"26":{"start":{"line":65,"column":24},"end":{"line":65,"column":90}},"27":{"start":{"line":66,"column":10},"end":{"line":66,"column":null}},"28":{"start":{"line":68,"column":10},"end":{"line":68,"column":null}},"29":{"start":{"line":72,"column":6},"end":{"line":85,"column":null}},"30":{"start":{"line":73,"column":24},"end":{"line":73,"column":52}},"31":{"start":{"line":74,"column":8},"end":{"line":74,"column":null}},"32":{"start":{"line":74,"column":22},"end":{"line":74,"column":null}},"33":{"start":{"line":76,"column":23},"end":{"line":76,"column":53}},"34":{"start":{"line":77,"column":24},"end":{"line":77,"column":85}},"35":{"start":{"line":78,"column":19},"end":{"line":78,"column":50}},"36":{"start":{"line":80,"column":8},"end":{"line":83,"column":null}},"37":{"start":{"line":84,"column":8},"end":{"line":84,"column":null}},"38":{"start":{"line":88,"column":6},"end":{"line":108,"column":null}},"39":{"start":{"line":89,"column":24},"end":{"line":89,"column":52}},"40":{"start":{"line":90,"column":8},"end":{"line":90,"column":null}},"41":{"start":{"line":90,"column":22},"end":{"line":90,"column":null}},"42":{"start":{"line":92,"column":23},"end":{"line":95,"column":10}},"43":{"start":{"line":96,"column":8},"end":{"line":96,"column":null}},"44":{"start":{"line":96,"column":21},"end":{"line":96,"column":null}},"45":{"start":{"line":98,"column":8},"end":{"line":98,"column":null}},"46":{"start":{"line":98,"column":27},"end":{"line":98,"column":null}},"47":{"start":{"line":100,"column":8},"end":{"line":107,"column":null}},"48":{"start":{"line":110,"column":6},"end":{"line":127,"column":null}},"49":{"start":{"line":111,"column":24},"end":{"line":111,"column":52}},"50":{"start":{"line":112,"column":8},"end":{"line":112,"column":null}},"51":{"start":{"line":112,"column":22},"end":{"line":112,"column":null}},"52":{"start":{"line":114,"column":20},"end":{"line":120,"column":10}},"53":{"start":{"line":122,"column":8},"end":{"line":125,"column":null}},"54":{"start":{"line":123,"column":12},"end":{"line":123,"column":null}},"55":{"start":{"line":125,"column":12},"end":{"line":125,"column":null}},"56":{"start":{"line":129,"column":6},"end":{"line":138,"column":null}},"57":{"start":{"line":130,"column":24},"end":{"line":130,"column":52}},"58":{"start":{"line":131,"column":8},"end":{"line":131,"column":null}},"59":{"start":{"line":131,"column":22},"end":{"line":131,"column":null}},"60":{"start":{"line":133,"column":8},"end":{"line":136,"column":null}},"61":{"start":{"line":137,"column":8},"end":{"line":137,"column":null}},"62":{"start":{"line":140,"column":6},"end":{"line":160,"column":null}},"63":{"start":{"line":141,"column":24},"end":{"line":141,"column":52}},"64":{"start":{"line":142,"column":8},"end":{"line":142,"column":null}},"65":{"start":{"line":142,"column":22},"end":{"line":142,"column":null}},"66":{"start":{"line":144,"column":8},"end":{"line":158,"column":null}},"67":{"start":{"line":145,"column":23},"end":{"line":152,"column":12}},"68":{"start":{"line":153,"column":10},"end":{"line":153,"column":null}},"69":{"start":{"line":154,"column":10},"end":{"line":154,"column":null}},"70":{"start":{"line":155,"column":10},"end":{"line":155,"column":null}},"71":{"start":{"line":156,"column":10},"end":{"line":156,"column":null}},"72":{"start":{"line":158,"column":10},"end":{"line":158,"column":null}},"73":{"start":{"line":162,"column":6},"end":{"line":174,"column":null}},"74":{"start":{"line":163,"column":24},"end":{"line":163,"column":52}},"75":{"start":{"line":164,"column":8},"end":{"line":164,"column":null}},"76":{"start":{"line":164,"column":22},"end":{"line":164,"column":null}},"77":{"start":{"line":166,"column":8},"end":{"line":169,"column":null}},"78":{"start":{"line":170,"column":8},"end":{"line":170,"column":null}},"79":{"start":{"line":171,"column":21},"end":{"line":171,"column":81}},"80":{"start":{"line":172,"column":8},"end":{"line":172,"column":null}},"81":{"start":{"line":173,"column":8},"end":{"line":173,"column":null}},"82":{"start":{"line":176,"column":6},"end":{"line":183,"column":null}},"83":{"start":{"line":177,"column":8},"end":{"line":177,"column":null}},"84":{"start":{"line":178,"column":8},"end":{"line":180,"column":null}},"85":{"start":{"line":179,"column":10},"end":{"line":179,"column":null}},"86":{"start":{"line":181,"column":22},"end":{"line":181,"column":49}},"87":{"start":{"line":182,"column":8},"end":{"line":182,"column":null}},"88":{"start":{"line":188,"column":4},"end":{"line":191,"column":null}},"89":{"start":{"line":189,"column":6},"end":{"line":189,"column":null}},"90":{"start":{"line":191,"column":6},"end":{"line":191,"column":null}},"91":{"start":{"line":196,"column":4},"end":{"line":200,"column":null}},"92":{"start":{"line":204,"column":4},"end":{"line":208,"column":null}},"93":{"start":{"line":208,"column":20},"end":{"line":208,"column":34}},"94":{"start":{"line":212,"column":4},"end":{"line":214,"column":null}},"95":{"start":{"line":218,"column":4},"end":{"line":218,"column":null}},"96":{"start":{"line":219,"column":4},"end":{"line":219,"column":null}},"97":{"start":{"line":220,"column":4},"end":{"line":220,"column":null}},"98":{"start":{"line":224,"column":4},"end":{"line":234,"column":null}},"99":{"start":{"line":225,"column":6},"end":{"line":232,"column":null}},"100":{"start":{"line":226,"column":8},"end":{"line":226,"column":null}},"101":{"start":{"line":227,"column":8},"end":{"line":229,"column":null}},"102":{"start":{"line":228,"column":10},"end":{"line":228,"column":null}},"103":{"start":{"line":229,"column":10},"end":{"line":229,"column":null}},"104":{"start":{"line":231,"column":17},"end":{"line":232,"column":null}},"105":{"start":{"line":232,"column":8},"end":{"line":232,"column":null}},"106":{"start":{"line":238,"column":27},"end":{"line":238,"column":44}}},"fnMap":{"0":{"name":"(anonymous_0)","decl":{"start":{"line":22,"column":2},"end":{"line":22,"column":7}},"loc":{"start":{"line":22,"column":19},"end":{"line":184,"column":null}},"line":22},"1":{"name":"(anonymous_1)","decl":{"start":{"line":26,"column":10},"end":{"line":26,"column":25}},"loc":{"start":{"line":26,"column":36},"end":{"line":184,"column":null}},"line":26},"2":{"name":"(anonymous_2)","decl":{"start":{"line":30,"column":33},"end":{"line":30,"column":40}},"loc":{"start":{"line":30,"column":49},"end":{"line":46,"column":null}},"line":30},"3":{"name":"(anonymous_3)","decl":{"start":{"line":48,"column":30},"end":{"line":48,"column":37}},"loc":{"start":{"line":48,"column":46},"end":{"line":60,"column":null}},"line":48},"4":{"name":"(anonymous_4)","decl":{"start":{"line":62,"column":35},"end":{"line":62,"column":42}},"loc":{"start":{"line":62,"column":51},"end":{"line":70,"column":null}},"line":62},"5":{"name":"(anonymous_5)","decl":{"start":{"line":72,"column":34},"end":{"line":72,"column":41}},"loc":{"start":{"line":72,"column":50},"end":{"line":85,"column":null}},"line":72},"6":{"name":"(anonymous_6)","decl":{"start":{"line":88,"column":34},"end":{"line":88,"column":41}},"loc":{"start":{"line":88,"column":50},"end":{"line":108,"column":null}},"line":88},"7":{"name":"(anonymous_7)","decl":{"start":{"line":110,"column":32},"end":{"line":110,"column":39}},"loc":{"start":{"line":110,"column":98},"end":{"line":127,"column":null}},"line":110},"8":{"name":"(anonymous_8)","decl":{"start":{"line":129,"column":32},"end":{"line":129,"column":39}},"loc":{"start":{"line":129,"column":102},"end":{"line":138,"column":null}},"line":129},"9":{"name":"(anonymous_9)","decl":{"start":{"line":140,"column":31},"end":{"line":140,"column":38}},"loc":{"start":{"line":140,"column":101},"end":{"line":160,"column":null}},"line":140},"10":{"name":"(anonymous_10)","decl":{"start":{"line":162,"column":29},"end":{"line":162,"column":36}},"loc":{"start":{"line":162,"column":80},"end":{"line":174,"column":null}},"line":162},"11":{"name":"(anonymous_11)","decl":{"start":{"line":176,"column":30},"end":{"line":176,"column":42}},"loc":{"start":{"line":176,"column":42},"end":{"line":183,"column":null}},"line":176},"12":{"name":"(anonymous_12)","decl":{"start":{"line":187,"column":2},"end":{"line":187,"column":10}},"loc":{"start":{"line":187,"column":42},"end":{"line":191,"column":null}},"line":187},"13":{"name":"(anonymous_13)","decl":{"start":{"line":195,"column":16},"end":{"line":195,"column":33}},"loc":{"start":{"line":195,"column":33},"end":{"line":200,"column":null}},"line":195},"14":{"name":"(anonymous_14)","decl":{"start":{"line":203,"column":16},"end":{"line":203,"column":33}},"loc":{"start":{"line":203,"column":33},"end":{"line":208,"column":null}},"line":203},"15":{"name":"(anonymous_15)","decl":{"start":{"line":208,"column":7},"end":{"line":208,"column":12}},"loc":{"start":{"line":208,"column":20},"end":{"line":208,"column":34}},"line":208},"16":{"name":"(anonymous_16)","decl":{"start":{"line":211,"column":16},"end":{"line":211,"column":27}},"loc":{"start":{"line":211,"column":27},"end":{"line":214,"column":null}},"line":211},"17":{"name":"(anonymous_17)","decl":{"start":{"line":217,"column":2},"end":{"line":217,"column":10}},"loc":{"start":{"line":217,"column":29},"end":{"line":220,"column":null}},"line":217},"18":{"name":"(anonymous_18)","decl":{"start":{"line":223,"column":2},"end":{"line":223,"column":10}},"loc":{"start":{"line":223,"column":27},"end":{"line":234,"column":null}},"line":223},"19":{"name":"(anonymous_19)","decl":{"start":{"line":224,"column":4},"end":{"line":224,"column":22}},"loc":{"start":{"line":224,"column":22},"end":{"line":234,"column":12}},"line":224}},"branchMap":{"0":{"loc":{"start":{"line":9,"column":19},"end":{"line":9,"column":null}},"type":"binary-expr","locations":[{"start":{"line":9,"column":19},"end":{"line":9,"column":48}},{"start":{"line":9,"column":48},"end":{"line":9,"column":null}}],"line":9},"1":{"loc":{"start":{"line":50,"column":8},"end":{"line":58,"column":null}},"type":"if","locations":[{"start":{"line":50,"column":8},"end":{"line":58,"column":null}},{"start":{"line":57,"column":15},"end":{"line":58,"column":null}}],"line":50},"2":{"loc":{"start":{"line":50,"column":12},"end":{"line":50,"column":93}},"type":"binary-expr","locations":[{"start":{"line":50,"column":12},"end":{"line":50,"column":22}},{"start":{"line":50,"column":22},"end":{"line":50,"column":41}},{"start":{"line":50,"column":41},"end":{"line":50,"column":93}}],"line":50},"3":{"loc":{"start":{"line":51,"column":10},"end":{"line":55,"column":null}},"type":"if","locations":[{"start":{"line":51,"column":10},"end":{"line":55,"column":null}},{"start":{"line":53,"column":17},"end":{"line":55,"column":null}}],"line":51},"4":{"loc":{"start":{"line":64,"column":8},"end":{"line":68,"column":null}},"type":"if","locations":[{"start":{"line":64,"column":8},"end":{"line":68,"column":null}},{"start":{"line":67,"column":15},"end":{"line":68,"column":null}}],"line":64},"5":{"loc":{"start":{"line":64,"column":12},"end":{"line":64,"column":102}},"type":"binary-expr","locations":[{"start":{"line":64,"column":12},"end":{"line":64,"column":22}},{"start":{"line":64,"column":22},"end":{"line":64,"column":48}},{"start":{"line":64,"column":48},"end":{"line":64,"column":102}}],"line":64},"6":{"loc":{"start":{"line":74,"column":8},"end":{"line":74,"column":null}},"type":"if","locations":[{"start":{"line":74,"column":8},"end":{"line":74,"column":null}},{"start":{},"end":{}}],"line":74},"7":{"loc":{"start":{"line":90,"column":8},"end":{"line":90,"column":null}},"type":"if","locations":[{"start":{"line":90,"column":8},"end":{"line":90,"column":null}},{"start":{},"end":{}}],"line":90},"8":{"loc":{"start":{"line":96,"column":8},"end":{"line":96,"column":null}},"type":"if","locations":[{"start":{"line":96,"column":8},"end":{"line":96,"column":null}},{"start":{},"end":{}}],"line":96},"9":{"loc":{"start":{"line":98,"column":8},"end":{"line":98,"column":null}},"type":"if","locations":[{"start":{"line":98,"column":8},"end":{"line":98,"column":null}},{"start":{},"end":{}}],"line":98},"10":{"loc":{"start":{"line":112,"column":8},"end":{"line":112,"column":null}},"type":"if","locations":[{"start":{"line":112,"column":8},"end":{"line":112,"column":null}},{"start":{},"end":{}}],"line":112},"11":{"loc":{"start":{"line":122,"column":8},"end":{"line":125,"column":null}},"type":"if","locations":[{"start":{"line":122,"column":8},"end":{"line":125,"column":null}},{"start":{"line":124,"column":15},"end":{"line":125,"column":null}}],"line":122},"12":{"loc":{"start":{"line":131,"column":8},"end":{"line":131,"column":null}},"type":"if","locations":[{"start":{"line":131,"column":8},"end":{"line":131,"column":null}},{"start":{},"end":{}}],"line":131},"13":{"loc":{"start":{"line":142,"column":8},"end":{"line":142,"column":null}},"type":"if","locations":[{"start":{"line":142,"column":8},"end":{"line":142,"column":null}},{"start":{},"end":{}}],"line":142},"14":{"loc":{"start":{"line":164,"column":8},"end":{"line":164,"column":null}},"type":"if","locations":[{"start":{"line":164,"column":8},"end":{"line":164,"column":null}},{"start":{},"end":{}}],"line":164},"15":{"loc":{"start":{"line":225,"column":6},"end":{"line":232,"column":null}},"type":"if","locations":[{"start":{"line":225,"column":6},"end":{"line":232,"column":null}},{"start":{"line":231,"column":17},"end":{"line":232,"column":null}}],"line":225},"16":{"loc":{"start":{"line":227,"column":8},"end":{"line":229,"column":null}},"type":"if","locations":[{"start":{"line":227,"column":8},"end":{"line":229,"column":null}},{"start":{},"end":{}}],"line":227},"17":{"loc":{"start":{"line":231,"column":17},"end":{"line":232,"column":null}},"type":"if","locations":[{"start":{"line":231,"column":17},"end":{"line":232,"column":null}},{"start":{},"end":{}}],"line":231}},"s":{"0":1,"1":1,"2":2,"3":2,"4":2,"5":2,"6":2,"7":2,"8":1,"9":1,"10":2,"11":2,"12":2,"13":1,"14":1,"15":1,"16":4,"17":4,"18":2,"19":1,"20":1,"21":1,"22":2,"23":1,"24":2,"25":2,"26":0,"27":0,"28":2,"29":1,"30":1,"31":1,"32":0,"33":1,"34":1,"35":1,"36":1,"37":1,"38":1,"39":2,"40":2,"41":0,"42":2,"43":2,"44":1,"45":1,"46":1,"47":1,"48":1,"49":2,"50":2,"51":0,"52":2,"53":2,"54":1,"55":1,"56":1,"57":0,"58":0,"59":0,"60":0,"61":0,"62":1,"63":2,"64":2,"65":0,"66":2,"67":2,"68":1,"69":1,"70":1,"71":1,"72":1,"73":1,"74":1,"75":1,"76":0,"77":1,"78":1,"79":1,"80":1,"81":1,"82":1,"83":2,"84":2,"85":2,"86":2,"87":2,"88":8,"89":8,"90":0,"91":3,"92":1,"93":1,"94":3,"95":1,"96":1,"97":1,"98":2,"99":131,"100":120,"101":120,"102":1,"103":1,"104":11,"105":1,"106":1},"f":{"0":2,"1":1,"2":2,"3":4,"4":2,"5":1,"6":2,"7":2,"8":0,"9":2,"10":1,"11":2,"12":8,"13":3,"14":1,"15":1,"16":3,"17":1,"18":2,"19":131},"b":{"0":[1,1],"1":[2,2],"2":[4,3,3],"3":[1,1],"4":[0,2],"5":[2,2,0],"6":[0,1],"7":[0,2],"8":[1,1],"9":[1,0],"10":[0,2],"11":[1,1],"12":[0,0],"13":[0,2],"14":[0,1],"15":[120,11],"16":[1,119],"17":[1,10]},"meta":{"lastBranch":18,"lastFunction":20,"lastStatement":107,"seen":{"s:9:19:9:Infinity":0,"b:9:19:9:48:9:48:9:Infinity":0,"s:10:20:10:Infinity":1,"s:14:27:14:Infinity":2,"s:15:23:15:Infinity":3,"s:20:18:20:33":4,"f:22:2:22:7":0,"s:23:4:23:Infinity":5,"s:24:4:24:Infinity":6,"s:26:4:184:Infinity":7,"f:26:10:26:25":1,"s:27:6:27:Infinity":8,"s:30:6:46:Infinity":9,"f:30:33:30:40":2,"s:31:8:44:Infinity":10,"s:32:25:32:61":11,"s:33:25:41:12":12,"s:42:10:42:Infinity":13,"s:44:10:44:Infinity":14,"s:48:6:60:Infinity":15,"f:48:30:48:37":3,"s:49:23:49:93":16,"b:50:8:58:Infinity:57:15:58:Infinity":1,"s:50:8:58:Infinity":17,"b:50:12:50:22:50:22:50:41:50:41:50:93":2,"b:51:10:55:Infinity:53:17:55:Infinity":3,"s:51:10:55:Infinity":18,"s:52:12:52:Infinity":19,"s:54:26:54:92":20,"s:55:12:55:Infinity":21,"s:58:10:58:Infinity":22,"s:62:6:70:Infinity":23,"f:62:35:62:42":4,"s:63:23:63:85":24,"b:64:8:68:Infinity:67:15:68:Infinity":4,"s:64:8:68:Infinity":25,"b:64:12:64:22:64:22:64:48:64:48:64:102":5,"s:65:24:65:90":26,"s:66:10:66:Infinity":27,"s:68:10:68:Infinity":28,"s:72:6:85:Infinity":29,"f:72:34:72:41":5,"s:73:24:73:52":30,"b:74:8:74:Infinity:undefined:undefined:undefined:undefined":6,"s:74:8:74:Infinity":31,"s:74:22:74:Infinity":32,"s:76:23:76:53":33,"s:77:24:77:85":34,"s:78:19:78:50":35,"s:80:8:83:Infinity":36,"s:84:8:84:Infinity":37,"s:88:6:108:Infinity":38,"f:88:34:88:41":6,"s:89:24:89:52":39,"b:90:8:90:Infinity:undefined:undefined:undefined:undefined":7,"s:90:8:90:Infinity":40,"s:90:22:90:Infinity":41,"s:92:23:95:10":42,"b:96:8:96:Infinity:undefined:undefined:undefined:undefined":8,"s:96:8:96:Infinity":43,"s:96:21:96:Infinity":44,"b:98:8:98:Infinity:undefined:undefined:undefined:undefined":9,"s:98:8:98:Infinity":45,"s:98:27:98:Infinity":46,"s:100:8:107:Infinity":47,"s:110:6:127:Infinity":48,"f:110:32:110:39":7,"s:111:24:111:52":49,"b:112:8:112:Infinity:undefined:undefined:undefined:undefined":10,"s:112:8:112:Infinity":50,"s:112:22:112:Infinity":51,"s:114:20:120:10":52,"b:122:8:125:Infinity:124:15:125:Infinity":11,"s:122:8:125:Infinity":53,"s:123:12:123:Infinity":54,"s:125:12:125:Infinity":55,"s:129:6:138:Infinity":56,"f:129:32:129:39":8,"s:130:24:130:52":57,"b:131:8:131:Infinity:undefined:undefined:undefined:undefined":12,"s:131:8:131:Infinity":58,"s:131:22:131:Infinity":59,"s:133:8:136:Infinity":60,"s:137:8:137:Infinity":61,"s:140:6:160:Infinity":62,"f:140:31:140:38":9,"s:141:24:141:52":63,"b:142:8:142:Infinity:undefined:undefined:undefined:undefined":13,"s:142:8:142:Infinity":64,"s:142:22:142:Infinity":65,"s:144:8:158:Infinity":66,"s:145:23:152:12":67,"s:153:10:153:Infinity":68,"s:154:10:154:Infinity":69,"s:155:10:155:Infinity":70,"s:156:10:156:Infinity":71,"s:158:10:158:Infinity":72,"s:162:6:174:Infinity":73,"f:162:29:162:36":10,"s:163:24:163:52":74,"b:164:8:164:Infinity:undefined:undefined:undefined:undefined":14,"s:164:8:164:Infinity":75,"s:164:22:164:Infinity":76,"s:166:8:169:Infinity":77,"s:170:8:170:Infinity":78,"s:171:21:171:81":79,"s:172:8:172:Infinity":80,"s:173:8:173:Infinity":81,"s:176:6:183:Infinity":82,"f:176:30:176:42":11,"s:177:8:177:Infinity":83,"s:178:8:180:Infinity":84,"s:179:10:179:Infinity":85,"s:181:22:181:49":86,"s:182:8:182:Infinity":87,"f:187:2:187:10":12,"s:188:4:191:Infinity":88,"s:189:6:189:Infinity":89,"s:191:6:191:Infinity":90,"f:195:16:195:33":13,"s:196:4:200:Infinity":91,"f:203:16:203:33":14,"s:204:4:208:Infinity":92,"f:208:7:208:12":15,"s:208:20:208:34":93,"f:211:16:211:27":16,"s:212:4:214:Infinity":94,"f:217:2:217:10":17,"s:218:4:218:Infinity":95,"s:219:4:219:Infinity":96,"s:220:4:220:Infinity":97,"f:223:2:223:10":18,"s:224:4:234:Infinity":98,"f:224:4:224:22":19,"b:225:6:232:Infinity:231:17:232:Infinity":15,"s:225:6:232:Infinity":99,"s:226:8:226:Infinity":100,"b:227:8:229:Infinity:undefined:undefined:undefined:undefined":16,"s:227:8:229:Infinity":101,"s:228:10:228:Infinity":102,"s:229:10:229:Infinity":103,"b:231:17:232:Infinity:undefined:undefined:undefined:undefined":17,"s:231:17:232:Infinity":104,"s:232:8:232:Infinity":105,"s:238:27:238:44":106}}}
,"/home/matthias/projects/hacker-game/server/src/services/vector.service.ts": {"path":"/home/matthias/projects/hacker-game/server/src/services/vector.service.ts","statementMap":{"0":{"start":{"line":7,"column":4},"end":{"line":7,"column":null}},"1":{"start":{"line":8,"column":4},"end":{"line":8,"column":null}},"2":{"start":{"line":12,"column":4},"end":{"line":17,"column":null}},"3":{"start":{"line":14,"column":6},"end":{"line":14,"column":null}},"4":{"start":{"line":15,"column":6},"end":{"line":15,"column":null}},"5":{"start":{"line":17,"column":6},"end":{"line":17,"column":null}},"6":{"start":{"line":23,"column":4},"end":{"line":30,"column":null}},"7":{"start":{"line":24,"column":25},"end":{"line":24,"column":85}},"8":{"start":{"line":25,"column":6},"end":{"line":28,"column":null}},"9":{"start":{"line":30,"column":6},"end":{"line":30,"column":null}},"10":{"start":{"line":35,"column":29},"end":{"line":35,"column":48}}},"fnMap":{"0":{"name":"(anonymous_0)","decl":{"start":{"line":6,"column":2},"end":{"line":6,"column":16}},"loc":{"start":{"line":6,"column":16},"end":{"line":8,"column":null}},"line":6},"1":{"name":"(anonymous_1)","decl":{"start":{"line":11,"column":16},"end":{"line":11,"column":23}},"loc":{"start":{"line":11,"column":23},"end":{"line":17,"column":null}},"line":11},"2":{"name":"(anonymous_2)","decl":{"start":{"line":21,"column":8},"end":{"line":21,"column":23}},"loc":{"start":{"line":21,"column":49},"end":{"line":30,"column":null}},"line":21}},"branchMap":{},"s":{"0":2,"1":2,"2":2,"3":2,"4":2,"5":0,"6":1,"7":1,"8":1,"9":0,"10":1},"f":{"0":2,"1":2,"2":1},"b":{},"meta":{"lastBranch":0,"lastFunction":3,"lastStatement":11,"seen":{"f:6:2:6:16":0,"s:7:4:7:Infinity":0,"s:8:4:8:Infinity":1,"f:11:16:11:23":1,"s:12:4:17:Infinity":2,"s:14:6:14:Infinity":3,"s:15:6:15:Infinity":4,"s:17:6:17:Infinity":5,"f:21:8:21:23":2,"s:23:4:30:Infinity":6,"s:24:25:24:85":7,"s:25:6:28:Infinity":8,"s:30:6:30:Infinity":9,"s:35:29:35:48":10}}}
}
